SingleMotherVR/Temp/gradleOut/unityLibrary/build/intermediates/manifest_merge_blame_file/release/manifest-merger-blame-release-report.txt
1<?xml version="1.0" encoding="utf-8"?>
2<!-- GENERATED BY UNITY. REMOVE THIS COMMENT TO PREVENT OVERWRITING WHEN EXPORTING AGAIN -->
3<manifest xmlns:android="http://schemas.android.com/apk/res/android"
4    xmlns:tools="http://schemas.android.com/tools"
5    package="com.unity3d.player"
6    android:installLocation="auto"
7    android:versionCode="1"
8    android:versionName="0.1" >
9
10    <uses-sdk
11        android:minSdkVersion="24"
11-->src\main\AndroidManifest.xml
12        android:targetSdkVersion="28" />
12-->src\main\AndroidManifest.xml
13
14    <uses-feature android:glEsVersion="0x00030000" />
14-->src\main\AndroidManifest.xml:21:3-52
14-->src\main\AndroidManifest.xml:21:17-49
15
16    <supports-gl-texture android:name="GL_KHR_texture_compression_astc_ldr" />
16-->src\main\AndroidManifest.xml:22:3-77
16-->src\main\AndroidManifest.xml:22:24-74
17
18    <uses-permission android:name="android.permission.INTERNET" />
18-->src\main\AndroidManifest.xml:23:3-65
18-->src\main\AndroidManifest.xml:23:20-62
19    <uses-permission android:name="android.permission.RECORD_AUDIO" />
19-->src\main\AndroidManifest.xml:24:3-69
19-->src\main\AndroidManifest.xml:24:20-66
20    <uses-permission android:name="android.permission.MODIFY_AUDIO_SETTINGS" />
20-->src\main\AndroidManifest.xml:25:3-78
20-->src\main\AndroidManifest.xml:25:20-75
21    <uses-permission android:name="android.permission.BLUETOOTH" />
21-->src\main\AndroidManifest.xml:26:3-66
21-->src\main\AndroidManifest.xml:26:20-63
22
23    <uses-feature
23-->src\main\AndroidManifest.xml:27:3-87
24        android:name="android.hardware.microphone"
24-->src\main\AndroidManifest.xml:27:17-59
25        android:required="false" />
25-->src\main\AndroidManifest.xml:27:60-84
26
27    <uses-permission android:name="android.permission.WRITE_EXTERNAL_STORAGE" />
27-->src\main\AndroidManifest.xml:28:3-79
27-->src\main\AndroidManifest.xml:28:20-76
28
29    <uses-feature
29-->src\main\AndroidManifest.xml:29:3-88
30        android:name="android.hardware.touchscreen"
30-->src\main\AndroidManifest.xml:29:17-60
31        android:required="false" />
31-->src\main\AndroidManifest.xml:29:61-85
32    <uses-feature
32-->src\main\AndroidManifest.xml:30:3-99
33        android:name="android.hardware.touchscreen.multitouch"
33-->src\main\AndroidManifest.xml:30:17-71
34        android:required="false" />
34-->src\main\AndroidManifest.xml:30:72-96
35    <uses-feature
35-->src\main\AndroidManifest.xml:31:3-108
36        android:name="android.hardware.touchscreen.multitouch.distinct"
36-->src\main\AndroidManifest.xml:31:17-80
37        android:required="false" />
37-->src\main\AndroidManifest.xml:31:81-105
38    <uses-feature
38-->src\main\AndroidManifest.xml:32:3-111
39        android:name="android.hardware.vr.headtracking"
39-->src\main\AndroidManifest.xml:32:17-64
40        android:required="true"
40-->src\main\AndroidManifest.xml:32:65-88
41        android:version="1" />
41-->src\main\AndroidManifest.xml:32:89-108
42
43    <application
43-->src\main\AndroidManifest.xml:4:3-20:17
44        android:allowBackup="false"
44-->src\main\AndroidManifest.xml:4:81-108
45        android:icon="@mipmap/app_icon"
45-->src\main\AndroidManifest.xml:4:49-80
46        android:label="@string/app_name"
46-->src\main\AndroidManifest.xml:4:16-48
47        android:networkSecurityConfig="@xml/network_sec_config" >
47-->src\main\AndroidManifest.xml:4:109-164
48        <activity
48-->src\main\AndroidManifest.xml:5:5-13:16
49            android:name="com.unity3d.player.UnityPlayerActivity"
49-->src\main\AndroidManifest.xml:5:15-68
50            android:configChanges="keyboard|keyboardHidden|navigation|orientation|screenLayout|screenSize|uiMode|density"
50-->src\main\AndroidManifest.xml:5:204-313
51            android:hardwareAccelerated="false"
51-->src\main\AndroidManifest.xml:5:314-349
52            android:launchMode="singleTask"
52-->src\main\AndroidManifest.xml:5:172-203
53            android:resizeableActivity="false"
53-->src\main\AndroidManifest.xml:5:350-384
54            android:screenOrientation="landscape"
54-->src\main\AndroidManifest.xml:5:134-171
55            android:theme="@android:style/Theme.Black.NoTitleBar.Fullscreen" >
55-->src\main\AndroidManifest.xml:5:69-133
56            <intent-filter>
56-->src\main\AndroidManifest.xml:6:7-10:23
57                <action android:name="android.intent.action.MAIN" />
57-->src\main\AndroidManifest.xml:7:9-61
57-->src\main\AndroidManifest.xml:7:17-58
58
59                <category android:name="com.oculus.intent.category.VR" />
59-->src\main\AndroidManifest.xml:8:9-66
59-->src\main\AndroidManifest.xml:8:19-63
60                <category android:name="android.intent.category.INFO" />
60-->src\main\AndroidManifest.xml:9:9-65
60-->src\main\AndroidManifest.xml:9:19-62
61            </intent-filter>
62
63            <meta-data
63-->src\main\AndroidManifest.xml:11:7-82
64                android:name="unityplayer.UnityActivity"
64-->src\main\AndroidManifest.xml:11:18-58
65                android:value="true" />
65-->src\main\AndroidManifest.xml:11:59-79
66            <meta-data
66-->src\main\AndroidManifest.xml:12:7-81
67                android:name="com.oculus.vr.focusaware"
67-->src\main\AndroidManifest.xml:12:18-57
68                android:value="true" />
68-->src\main\AndroidManifest.xml:12:58-78
69        </activity>
70
71        <meta-data
71-->src\main\AndroidManifest.xml:14:5-69
72            android:name="unity.splash-mode"
72-->src\main\AndroidManifest.xml:14:16-48
73            android:value="0" />
73-->src\main\AndroidManifest.xml:14:49-66
74        <meta-data
74-->src\main\AndroidManifest.xml:15:5-74
75            android:name="unity.splash-enable"
75-->src\main\AndroidManifest.xml:15:16-50
76            android:value="True" />
76-->src\main\AndroidManifest.xml:15:51-71
77        <meta-data
77-->src\main\AndroidManifest.xml:16:5-101
78            android:name="unity.build-id"
78-->src\main\AndroidManifest.xml:16:16-45
79            android:value="e4ef5127-f1a9-4b8c-a627-7eb47663875d" />
79-->src\main\AndroidManifest.xml:16:46-98
80        <meta-data
80-->src\main\AndroidManifest.xml:17:5-97
81            android:name="com.samsung.android.vr.application.mode"
81-->src\main\AndroidManifest.xml:17:16-70
82            android:value="vr_only" />
82-->src\main\AndroidManifest.xml:17:71-94
83        <meta-data
83-->src\main\AndroidManifest.xml:18:5-91
84            android:name="com.unity.xr.oculus.LowOverheadMode"
84-->src\main\AndroidManifest.xml:18:16-66
85            android:value="false" />
85-->src\main\AndroidManifest.xml:18:67-88
86        <meta-data
86-->src\main\AndroidManifest.xml:19:5-90
87            android:name="com.oculus.supportedDevices"
87-->src\main\AndroidManifest.xml:19:16-58
88            android:value="quest|delmar" />
88-->src\main\AndroidManifest.xml:19:59-87
89    </application>
90
91</manifest>